HireCar-master/app/build/intermediates/manifest_merge_blame_file/debug/manifest-merger-blame-debug-report.txt
1<?xml version="1.0" encoding="utf-8"?>
2<manifest xmlns:android="http://schemas.android.com/apk/res/android"
3    package="com.example.vehicle"
4    android:versionCode="1"
5    android:versionName="1.0" >
6
7    <uses-sdk
8        android:minSdkVersion="15"
8-->src\main\AndroidManifest.xml
9        android:targetSdkVersion="28" />
9-->src\main\AndroidManifest.xml
10
11    <uses-permission android:name="android.permission.INTERNET" />
11-->src\main\AndroidManifest.xml:4:5-66
11-->src\main\AndroidManifest.xml:4:22-64
12    <uses-permission android:name="android.permission.ACCESS_NETWORK_STATE" />
12-->src\main\AndroidManifest.xml:5:5-78
12-->src\main\AndroidManifest.xml:5:22-76
13
14    <application
14-->src\main\AndroidManifest.xml:7:5-32:19
15        android:allowBackup="true"
15-->src\main\AndroidManifest.xml:8:9-35
16        android:appComponentFactory="androidx.core.app.CoreComponentFactory"
16-->[androidx.core:core:1.1.0] AndroidManifest.xml:24:18-86
17        android:debuggable="true"
18        android:icon="@mipmap/ic_launcher"
18-->src\main\AndroidManifest.xml:9:9-43
19        android:label="@string/app_name"
19-->src\main\AndroidManifest.xml:10:9-41
20        android:roundIcon="@mipmap/ic_launcher_round"
20-->src\main\AndroidManifest.xml:11:9-54
21        android:supportsRtl="true"
21-->src\main\AndroidManifest.xml:12:9-35
22        android:testOnly="true"
23        android:theme="@style/AppTheme"
23-->src\main\AndroidManifest.xml:14:9-40
24        android:usesCleartextTraffic="true" >
24-->src\main\AndroidManifest.xml:13:9-44
25        <activity android:name="com.example.vehicle.vehicledetail" />
25-->src\main\AndroidManifest.xml:15:9-60
25-->src\main\AndroidManifest.xml:15:19-48
26        <activity android:name="com.example.vehicle.EmpLoginView" />
26-->src\main\AndroidManifest.xml:16:9-50
26-->src\main\AndroidManifest.xml:16:19-47
27        <activity android:name="com.example.vehicle.Employee" />
27-->src\main\AndroidManifest.xml:17:9-46
27-->src\main\AndroidManifest.xml:17:19-43
28        <activity android:name="com.example.vehicle.UserLoginView" />
28-->src\main\AndroidManifest.xml:18:9-51
28-->src\main\AndroidManifest.xml:18:19-48
29        <activity android:name="com.example.vehicle.User" />
29-->src\main\AndroidManifest.xml:19:9-42
29-->src\main\AndroidManifest.xml:19:19-39
30        <activity android:name="com.example.vehicle.SplashScreen" >
30-->src\main\AndroidManifest.xml:20:9-26:20
30-->src\main\AndroidManifest.xml:20:19-47
31            <intent-filter>
31-->src\main\AndroidManifest.xml:21:13-25:29
32                <action android:name="android.intent.action.MAIN" />
32-->src\main\AndroidManifest.xml:22:17-69
32-->src\main\AndroidManifest.xml:22:25-66
33
34                <category android:name="android.intent.category.LAUNCHER" />
34-->src\main\AndroidManifest.xml:24:17-77
34-->src\main\AndroidManifest.xml:24:27-74
35            </intent-filter>
36        </activity>
37        <activity android:name="com.example.vehicle.MainActivity" />
37-->src\main\AndroidManifest.xml:27:9-50
37-->src\main\AndroidManifest.xml:27:19-47
38
39        <meta-data
39-->src\main\AndroidManifest.xml:29:9-31:57
40            android:name="preloaded_fonts"
40-->src\main\AndroidManifest.xml:30:13-43
41            android:resource="@array/preloaded_fonts" />
41-->src\main\AndroidManifest.xml:31:13-54
42    </application>
43
44</manifest>